d:\aaworkspace\wintools\symboliclink-testing-tools\commonutils\debug\commonutils.pch
d:\aaworkspace\wintools\symboliclink-testing-tools\debug\commonutils.pdb
d:\aaworkspace\wintools\symboliclink-testing-tools\debug\commonutils.idb
d:\aaworkspace\wintools\symboliclink-testing-tools\commonutils\debug\stdafx.obj
d:\aaworkspace\wintools\symboliclink-testing-tools\commonutils\debug\scopedhandle.obj
d:\aaworkspace\wintools\symboliclink-testing-tools\commonutils\debug\reparsepoint.obj
d:\aaworkspace\wintools\symboliclink-testing-tools\commonutils\debug\registrysymlink.obj
d:\aaworkspace\wintools\symboliclink-testing-tools\commonutils\debug\nativesymlink.obj
d:\aaworkspace\wintools\symboliclink-testing-tools\commonutils\debug\hardlink.obj
d:\aaworkspace\wintools\symboliclink-testing-tools\commonutils\debug\filesymlink.obj
d:\aaworkspace\wintools\symboliclink-testing-tools\commonutils\debug\fileoplock.obj
d:\aaworkspace\wintools\symboliclink-testing-tools\commonutils\debug\directoryobject.obj
d:\aaworkspace\wintools\symboliclink-testing-tools\commonutils\debug\commonutils.obj
d:\aaworkspace\wintools\symboliclink-testing-tools\debug\commonutils.lib
d:\aaworkspace\wintools\symboliclink-testing-tools\commonutils\debug\commonutils.tlog\cl.command.1.tlog
d:\aaworkspace\wintools\symboliclink-testing-tools\commonutils\debug\commonutils.tlog\cl.read.1.tlog
d:\aaworkspace\wintools\symboliclink-testing-tools\commonutils\debug\commonutils.tlog\cl.write.1.tlog
d:\aaworkspace\wintools\symboliclink-testing-tools\commonutils\debug\commonutils.tlog\lib-link.read.1.tlog
d:\aaworkspace\wintools\symboliclink-testing-tools\commonutils\debug\commonutils.tlog\lib-link.write.1.tlog
d:\aaworkspace\wintools\symboliclink-testing-tools\commonutils\debug\commonutils.tlog\lib.command.1.tlog
